<?xml version="1.0" encoding="UTF-8"?>
<!-- Generated by org.testng.reporters.JUnitReportReporter -->
<testsuite hostname="DESKTOP-US7T295" failures="0" tests="3" name="loginPg.loginPage" time="21.406" errors="0" timestamp="2023-12-20T15:16:15 EST" skipped="0">
  <testcase classname="loginPg.loginPage" name="loginTest" time="6.401"/>
  <system-out/>
  <testcase classname="loginPg.loginPage" name="loginTest" time="5.373"/>
  <system-out/>
  <testcase classname="loginPg.loginPage" name="loginTest" time="9.632"/>
  <system-out/>
</testsuite> <!-- loginPg.loginPage -->
