<?xml version="1.0" encoding="UTF-8"?>
<!-- Generated by org.testng.reporters.JUnitReportReporter -->
<testsuite hostname="DESKTOP-US7T295" failures="0" tests="2" name="Testngtest.NGTest" time="0.019" errors="0" timestamp="2023-12-06T21:10:46 EST" skipped="1">
  <testcase classname="Testngtest.NGTest" name="logintest" time="0.019"/>
  <testcase classname="Testngtest.NGTest" name="logout">
    <skipped/>
  </testcase> <!-- logout -->
</testsuite> <!-- Testngtest.NGTest -->
