<?xml version="1.0" encoding="UTF-8"?>
<!-- Generated by org.testng.reporters.JUnitReportReporter -->
<testsuite hostname="DESKTOP-US7T295" failures="0" tests="6" name="TestNGprac.HomePage" time="4.733" errors="0" timestamp="2023-12-11T19:36:08 EST" skipped="0">
  <testcase classname="TestNGprac.HomePage" name="setupDriver" time="4.078"/>
  <testcase classname="TestNGprac.HomePage" name="checkTitle" time="0.023"/>
  <testcase classname="TestNGprac.HomePage" name="checkLogo" time="0.492"/>
  <testcase classname="TestNGprac.HomePage" name="checkUsername" time="0.052"/>
  <testcase classname="TestNGprac.HomePage" name="checkPassword" time="0.041"/>
  <testcase classname="TestNGprac.HomePage" name="checkLogin" time="0.047"/>
</testsuite> <!-- TestNGprac.HomePage -->
