<?xml version="1.0" encoding="UTF-8"?>
<!-- Generated by org.testng.reporters.JUnitReportReporter -->
<testsuite hostname="DESKTOP-US7T295" failures="0" tests="3" name="loginPg.HomePage" time="0.025" errors="0" timestamp="2023-12-18T20:40:46 EST" skipped="0">
  <testcase classname="loginPg.HomePage" name="test1" time="0.010"/>
  <system-out/>
  <testcase classname="loginPg.HomePage" name="test3" time="0.004"/>
  <system-out/>
  <testcase classname="loginPg.HomePage" name="test2" time="0.011"/>
  <system-out/>
</testsuite> <!-- loginPg.HomePage -->
