<?xml version="1.0" encoding="UTF-8"?>
<!-- Generated by org.testng.reporters.JUnitReportReporter -->
<testsuite hostname="DESKTOP-US7T295" failures="0" tests="1" name="testRunner.loginfunc" time="5.091" errors="0" timestamp="2024-01-04T13:31:39 EST" skipped="0">
  <testcase classname="testRunner.loginfunc" name="loginTest" time="5.091"/>
  <system-out/>
</testsuite> <!-- testRunner.loginfunc -->
